<?xml version="1.0" encoding="UTF-8"?>
<!-- Generated by org.testng.reporters.JUnitReportReporter -->
<testsuite hostname="JSANTIAGO-LT.fios-router.home" name="SearchFlight" tests="1" failures="0" timestamp="6 Dec 2018 02:54:47 GMT" time="36.686" errors="0">
  <testcase name="testFights" time="36.686" classname="SearchFlight"/>
</testsuite> <!-- SearchFlight -->
