<?xml version="1.0" encoding="UTF-8"?>
<!-- Generated by org.testng.reporters.JUnitReportReporter -->
<testsuite hostname="JSANTIAGO-LT.fios-router.home" name="SearchFlight" tests="1" failures="0" timestamp="6 Dec 2018 03:12:01 GMT" time="37.843" errors="0">
  <testcase name="testFights" time="37.843" classname="SearchFlight"/>
</testsuite> <!-- SearchFlight -->
