<?xml version="1.0" encoding="UTF-8"?>
<testsuite name="SearchFlight" tests="1" skipped="0" failures="0" errors="0" timestamp="2018-12-06T03:11:19" hostname="JSANTIAGO-LT.local" time="37.843">
  <properties/>
  <testcase name="testFights" classname="SearchFlight" time="37.843"/>
  <system-out><![CDATA[Starting test
Round trip flight search
done
Test done
]]></system-out>
  <system-err><![CDATA[]]></system-err>
</testsuite>
