<?xml version="1.0" encoding="UTF-8"?>
<testsuite name="SearchFlight" tests="1" skipped="0" failures="0" errors="0" timestamp="2018-12-06T02:54:07" hostname="JSANTIAGO-LT.local" time="36.686">
  <properties/>
  <testcase name="testFights" classname="SearchFlight" time="36.686"/>
  <system-out><![CDATA[Starting test
One way flight search
done
Test done
]]></system-out>
  <system-err><![CDATA[]]></system-err>
</testsuite>
